<?xml version="1.0" encoding="UTF-8"?>
<testsuite xmlns:xsi="http://www.w3.org/2001/XMLSchema-instance" xsi:schemaLocation="https://maven.apache.org/surefire/maven-surefire-plugin/xsd/surefire-test-report.xsd" name="runner.RunnerTest" time="8.461" tests="81" errors="0" skipped="7" failures="2">
  <properties>
    <property name="java.runtime.name" value="Java(TM) SE Runtime Environment"/>
    <property name="java.vm.version" value="13.0.2+8"/>
    <property name="sun.boot.library.path" value="/Library/Java/JavaVirtualMachines/jdk-13.0.2.jdk/Contents/Home/lib"/>
    <property name="maven.multiModuleProjectDirectory" value="/Users/andresilva/Projetos/testing-integration/testing_java"/>
    <property name="java.vm.vendor" value="Oracle Corporation"/>
    <property name="java.vendor.url" value="https://java.oracle.com/"/>
    <property name="guice.disable.misplaced.annotation.check" value="true"/>
    <property name="path.separator" value=":"/>
    <property name="java.vm.name" value="Java HotSpot(TM) 64-Bit Server VM"/>
    <property name="user.country" value="BR"/>
    <property name="sun.java.launcher" value="SUN_STANDARD"/>
    <property name="java.vm.specification.name" value="Java Virtual Machine Specification"/>
    <property name="user.dir" value="/Users/andresilva/Projetos/testing-integration/testing_java"/>
    <property name="java.vm.compressedOopsMode" value="Zero based"/>
    <property name="java.runtime.version" value="13.0.2+8"/>
    <property name="os.arch" value="x86_64"/>
    <property name="java.io.tmpdir" value="/var/folders/_z/xs2j_0pd6xd5yv8zd6f_lnlm0000gn/T/"/>
    <property name="line.separator" value="&#10;"/>
    <property name="java.vm.specification.vendor" value="Oracle Corporation"/>
    <property name="os.name" value="Mac OS X"/>
    <property name="classworlds.conf" value="/Users/andresilva/Projetos/apache-maven-3.6.3/bin/m2.conf"/>
    <property name="sun.jnu.encoding" value="UTF-8"/>
    <property name="java.library.path" value="/Users/andresilva/Library/Java/Extensions:/Library/Java/Extensions:/Network/Library/Java/Extensions:/System/Library/Java/Extensions:/usr/lib/java:."/>
    <property name="maven.conf" value="/Users/andresilva/Projetos/apache-maven-3.6.3/conf"/>
    <property name="jdk.debug" value="release"/>
    <property name="java.class.version" value="57.0"/>
    <property name="java.specification.name" value="Java Platform API Specification"/>
    <property name="sun.management.compiler" value="HotSpot 64-Bit Tiered Compilers"/>
    <property name="os.version" value="10.13.6"/>
    <property name="library.jansi.path" value="/Users/andresilva/Projetos/apache-maven-3.6.3/lib/jansi-native"/>
    <property name="http.nonProxyHosts" value="local|*.local|169.254/16|*.169.254/16"/>
    <property name="user.home" value="/Users/andresilva"/>
    <property name="user.timezone" value="America/Sao_Paulo"/>
    <property name="file.encoding" value="UTF-8"/>
    <property name="java.specification.version" value="13"/>
    <property name="user.name" value="andresilva"/>
    <property name="java.class.path" value="/Users/andresilva/Projetos/apache-maven-3.6.3/boot/plexus-classworlds-2.6.0.jar"/>
    <property name="java.vm.specification.version" value="13"/>
    <property name="sun.arch.data.model" value="64"/>
    <property name="sun.java.command" value="org.codehaus.plexus.classworlds.launcher.Launcher verify"/>
    <property name="java.home" value="/Library/Java/JavaVirtualMachines/jdk-13.0.2.jdk/Contents/Home"/>
    <property name="user.language" value="pt"/>
    <property name="java.specification.vendor" value="Oracle Corporation"/>
    <property name="java.vm.info" value="mixed mode, sharing"/>
    <property name="java.version" value="13.0.2"/>
    <property name="java.vendor" value="Oracle Corporation"/>
    <property name="maven.home" value="/Users/andresilva/Projetos/apache-maven-3.6.3"/>
    <property name="file.separator" value="/"/>
    <property name="java.version.date" value="2020-01-14"/>
    <property name="java.vendor.url.bug" value="https://bugreport.java.com/bugreport/"/>
    <property name="sun.io.unicode.encoding" value="UnicodeBig"/>
    <property name="sun.cpu.endian" value="little"/>
    <property name="socksNonProxyHosts" value="local|*.local|169.254/16|*.169.254/16"/>
    <property name="ftp.nonProxyHosts" value="local|*.local|169.254/16|*.169.254/16"/>
  </properties>
  <testcase name="Dado usuario esta na pagina de categoria" classname="Cenário: Simples POST" time="0.001"/>
  <testcase name="E o usuario informa no campo &quot;nome&quot; o valor &quot;eletro domesticos&quot;" classname="Cenário: Simples POST" time="0"/>
  <testcase name="Quando o  usuario clicar em salvar" classname="Cenário: Simples POST" time="0"/>
  <testcase name="Então o usuário deveria receber uma mensagem de &quot;salvo com sucesso&quot;" classname="Cenário: Simples POST" time="0"/>
  <testcase name="Cenário: Simples POST" classname="Cenário: Simples POST" time="0"/>
  <testcase name="Dado usuario esta na pagina de categoria" classname="| 7 | sucesso |" time="0"/>
  <testcase name="E o usuario gostaria de visualizar a categria com o id 7" classname="| 7 | sucesso |" time="0"/>
  <testcase name="Quando o  usuario clicar em visualizar" classname="| 7 | sucesso |" time="0"/>
  <testcase name="Entao o usuário deveria receber uma mensagem de &quot;sucesso&quot;" classname="| 7 | sucesso |" time="0"/>
  <testcase name="E o usuário dever ver o campo &quot;nome&quot; com valor &quot;eletro domesticos&quot;" classname="| 7 | sucesso |" time="0"/>
  <testcase name="| 7 | sucesso |" classname="| 7 | sucesso |" time="0"/>
  <testcase name="| 7 | sucesso |" classname="| 7 | sucesso |" time="0"/>
  <testcase name="Dado usuario esta na pagina de categoria" classname="| 12345 | não encontrado |" time="0"/>
  <testcase name="E o usuario gostaria de visualizar a categria com o id 12345" classname="| 12345 | não encontrado |" time="0"/>
  <testcase name="Quando o  usuario clicar em visualizar" classname="| 12345 | não encontrado |" time="0"/>
  <testcase name="Entao o usuário deveria receber uma mensagem de &quot;não encontrado&quot;" classname="| 12345 | não encontrado |" time="0"/>
  <testcase name="E o usuário dever ver o campo &quot;nome&quot; com valor &quot;eletro domesticos&quot;" classname="| 12345 | não encontrado |" time="0.009">
    <failure message="expected:&lt;eletro domesticos&gt; but was:&lt;null&gt;" type="java.lang.AssertionError"><![CDATA[java.lang.AssertionError: expected:<eletro domesticos> but was:<null>
]]></failure>
  </testcase>
  <testcase name="| 12345 | não encontrado |" classname="| 12345 | não encontrado |" time="0.01">
    <failure message="expected:&lt;eletro domesticos&gt; but was:&lt;null&gt;" type="java.lang.AssertionError"><![CDATA[java.lang.AssertionError: expected:<eletro domesticos> but was:<null>
]]></failure>
  </testcase>
  <testcase name="Dado que o usuário está na página de processos" classname="Cenário: Simples POST com todos os campos preenchidos corretamente" time="0"/>
  <testcase name="E o usuário informa no campo &quot;vara&quot; o valor &quot;2&quot;" classname="Cenário: Simples POST com todos os campos preenchidos corretamente" time="0"/>
  <testcase name="E o usuário informa no campo &quot;numero_processo&quot; o valor &quot;12314&quot;" classname="Cenário: Simples POST com todos os campos preenchidos corretamente" time="0"/>
  <testcase name="E o usuário informa no campo &quot;natureza&quot; o valor &quot;Guarda&quot;" classname="Cenário: Simples POST com todos os campos preenchidos corretamente" time="0.001"/>
  <testcase name="E o usuário informa no campo &quot;partes&quot; o valor &quot;Alberto x Alberta&quot;" classname="Cenário: Simples POST com todos os campos preenchidos corretamente" time="0"/>
  <testcase name="E o usuário informa no campo &quot;urgente&quot; o valor &quot;S&quot;" classname="Cenário: Simples POST com todos os campos preenchidos corretamente" time="0"/>
  <testcase name="E o usuário informa no campo &quot;arbitramento&quot; o valor &quot;N&quot;" classname="Cenário: Simples POST com todos os campos preenchidos corretamente" time="0"/>
  <testcase name="E o usuário informa no campo &quot;assistente_social&quot; o valor &quot;Robson Agapito&quot;" classname="Cenário: Simples POST com todos os campos preenchidos corretamente" time="0"/>
  <testcase name="E o usuário informa no campo &quot;data_entrada&quot; o valor &quot;2020-02-12&quot;" classname="Cenário: Simples POST com todos os campos preenchidos corretamente" time="0"/>
  <testcase name="E o usuário informa no campo &quot;data_saida&quot; o valor &quot;2020-02-20&quot;" classname="Cenário: Simples POST com todos os campos preenchidos corretamente" time="0"/>
  <testcase name="E o usuário informa no campo &quot;data_agendamento&quot; o v alor &quot;2020-02-13&quot;" classname="Cenário: Simples POST com todos os campos preenchidos corretamente" time="0">
    <skipped/>
  </testcase>
  <testcase name="E o usuário informa no campo &quot;status&quot; o valor &quot;Aguardando entrevista&quot;" classname="Cenário: Simples POST com todos os campos preenchidos corretamente" time="0">
    <skipped/>
  </testcase>
  <testcase name="E o usuário informa no campo &quot;observacao&quot; o valor &quot;Nada a declarar&quot;" classname="Cenário: Simples POST com todos os campos preenchidos corretamente" time="0">
    <skipped/>
  </testcase>
  <testcase name="Quando o usuário clicar em salvar" classname="Cenário: Simples POST com todos os campos preenchidos corretamente" time="0">
    <skipped/>
  </testcase>
  <testcase name="Então o usuário deveria receber uma mensagem de &quot;salvo com sucesso&quot;" classname="Cenário: Simples POST com todos os campos preenchidos corretamente" time="0">
    <skipped/>
  </testcase>
  <testcase name="E o usuário dever ver o campo &quot;vara&quot; com valor &quot;2&quot;" classname="Cenário: Simples POST com todos os campos preenchidos corretamente" time="0">
    <skipped/>
  </testcase>
  <testcase name="Cenário: Simples POST com todos os campos preenchidos corretamente" classname="Cenário: Simples POST com todos os campos preenchidos corretamente" time="0">
    <skipped/>
  </testcase>
  <testcase name="Cenário: Simples POST com todos os campos preenchidos corretamente" classname="Cenário: Simples POST com todos os campos preenchidos corretamente" time="0.004"/>
  <testcase name="Dado que o usuário está na página de processos" classname="| 7 | sucesso |" time="0"/>
  <testcase name="E o usuário gostaria de visualizar o processo com id 7" classname="| 7 | sucesso |" time="0"/>
  <testcase name="Quando o usuário clicar em visualizar" classname="| 7 | sucesso |" time="0"/>
  <testcase name="Então o usuário deveria receber uma mensagem de &quot;sucesso&quot;" classname="| 7 | sucesso |" time="0"/>
  <testcase name="Dado que o usuário está na página de processos" classname="| 321332 | não encontrado |" time="0"/>
  <testcase name="E o usuário gostaria de visualizar o processo com id 321332" classname="| 321332 | não encontrado |" time="0"/>
  <testcase name="Quando o usuário clicar em visualizar" classname="| 321332 | não encontrado |" time="0"/>
  <testcase name="Então o usuário deveria receber uma mensagem de &quot;não encontrado&quot;" classname="| 321332 | não encontrado |" time="0"/>
  <testcase name="| 321332 | não encontrado |" classname="| 321332 | não encontrado |" time="0"/>
  <testcase name="Dado que o usuário está na página de processos" classname="Cenário: Simples PUT com todos os campos preenchidos corretamente" time="0"/>
  <testcase name="E o usuário gostaria de visualizar o processo com id 7" classname="Cenário: Simples PUT com todos os campos preenchidos corretamente" time="0"/>
  <testcase name="E o usuário informa no campo &quot;vara&quot; o valor &quot;8&quot;" classname="Cenário: Simples PUT com todos os campos preenchidos corretamente" time="0"/>
  <testcase name="E o usuário informa no campo &quot;numero_processo&quot; o valor &quot;12314&quot;" classname="Cenário: Simples PUT com todos os campos preenchidos corretamente" time="0"/>
  <testcase name="E o usuário informa no campo &quot;natureza&quot; o valor &quot;Guarda&quot;" classname="Cenário: Simples PUT com todos os campos preenchidos corretamente" time="0"/>
  <testcase name="E o usuário informa no campo &quot;partes&quot; o valor &quot;Alberto x Alberta&quot;" classname="Cenário: Simples PUT com todos os campos preenchidos corretamente" time="0"/>
  <testcase name="E o usuário informa no campo &quot;urgente&quot; o valor &quot;S&quot;" classname="Cenário: Simples PUT com todos os campos preenchidos corretamente" time="0"/>
  <testcase name="E o usuário informa no campo &quot;arbitramento&quot; o valor &quot;N&quot;" classname="Cenário: Simples PUT com todos os campos preenchidos corretamente" time="0"/>
  <testcase name="E o usuário informa no campo &quot;assistente_social&quot; o valor &quot;Robson Agapito&quot;" classname="Cenário: Simples PUT com todos os campos preenchidos corretamente" time="0"/>
  <testcase name="E o usuário informa no campo &quot;data_entrada&quot; o valor &quot;2020-02-12&quot;" classname="Cenário: Simples PUT com todos os campos preenchidos corretamente" time="0"/>
  <testcase name="E o usuário informa no campo &quot;data_saida&quot; o valor &quot;2020-02-20&quot;" classname="Cenário: Simples PUT com todos os campos preenchidos corretamente" time="0"/>
  <testcase name="E o usuário informa no campo &quot;data_agendamento&quot; o valor &quot;2020-02-13&quot;" classname="Cenário: Simples PUT com todos os campos preenchidos corretamente" time="0"/>
  <testcase name="E o usuário informa no campo &quot;status&quot; o valor &quot;Aguardando entrevista&quot;" classname="Cenário: Simples PUT com todos os campos preenchidos corretamente" time="0"/>
  <testcase name="E o usuário informa no campo &quot;observacao&quot; o valor &quot;Nada a declarar&quot;" classname="Cenário: Simples PUT com todos os campos preenchidos corretamente" time="0"/>
  <testcase name="Quando o usuário clicar em atualizar" classname="Cenário: Simples PUT com todos os campos preenchidos corretamente" time="0"/>
  <testcase name="Então o usuário deveria receber uma mensagem de &quot;sucesso&quot;" classname="Cenário: Simples PUT com todos os campos preenchidos corretamente" time="0"/>
  <testcase name="E o usuário dever ver o campo &quot;vara&quot; com valor &quot;8&quot;" classname="Cenário: Simples PUT com todos os campos preenchidos corretamente" time="0"/>
  <testcase name="Cenário: Simples PUT com todos os campos preenchidos corretamente" classname="Cenário: Simples PUT com todos os campos preenchidos corretamente" time="0"/>
  <testcase name="Dado que o usuário está na página de processos" classname="Cenário: Simples DELETE com todos os campos preenchidos corretamente" time="0"/>
  <testcase name="E o usuário informa no campo &quot;vara&quot; o valor &quot;2&quot;" classname="Cenário: Simples DELETE com todos os campos preenchidos corretamente" time="0"/>
  <testcase name="E o usuário informa no campo &quot;numero_processo&quot; o valor &quot;12314&quot;" classname="Cenário: Simples DELETE com todos os campos preenchidos corretamente" time="0"/>
  <testcase name="E o usuário informa no campo &quot;natureza&quot; o valor &quot;Guarda&quot;" classname="Cenário: Simples DELETE com todos os campos preenchidos corretamente" time="0"/>
  <testcase name="E o usuário informa no campo &quot;partes&quot; o valor &quot;Alberto x Alberta&quot;" classname="Cenário: Simples DELETE com todos os campos preenchidos corretamente" time="0"/>
  <testcase name="E o usuário informa no campo &quot;urgente&quot; o valor &quot;S&quot;" classname="Cenário: Simples DELETE com todos os campos preenchidos corretamente" time="0"/>
  <testcase name="E o usuário informa no campo &quot;arbitramento&quot; o valor &quot;N&quot;" classname="Cenário: Simples DELETE com todos os campos preenchidos corretamente" time="0"/>
  <testcase name="E o usuário informa no campo &quot;assistente_social&quot; o valor &quot;Robson Agapito&quot;" classname="Cenário: Simples DELETE com todos os campos preenchidos corretamente" time="0.001"/>
  <testcase name="E o usuário informa no campo &quot;data_entrada&quot; o valor &quot;2020-02-12&quot;" classname="Cenário: Simples DELETE com todos os campos preenchidos corretamente" time="0"/>
  <testcase name="E o usuário informa no campo &quot;data_saida&quot; o valor &quot;2020-02-20&quot;" classname="Cenário: Simples DELETE com todos os campos preenchidos corretamente" time="0"/>
  <testcase name="E o usuário informa no campo &quot;data_agendamento&quot; o valor &quot;2020-02-13&quot;" classname="Cenário: Simples DELETE com todos os campos preenchidos corretamente" time="0"/>
  <testcase name="E o usuário informa no campo &quot;status&quot; o valor &quot;Aguardando entrevista&quot;" classname="Cenário: Simples DELETE com todos os campos preenchidos corretamente" time="0"/>
  <testcase name="E o usuário informa no campo &quot;observacao&quot; o valor &quot;Nada a declarar&quot;" classname="Cenário: Simples DELETE com todos os campos preenchidos corretamente" time="0"/>
  <testcase name="E o usuário clicar em salvar" classname="Cenário: Simples DELETE com todos os campos preenchidos corretamente" time="0"/>
  <testcase name="Quando o usuário clicar em deletar" classname="Cenário: Simples DELETE com todos os campos preenchidos corretamente" time="0"/>
  <testcase name="E o usuário clicar em visualizar" classname="Cenário: Simples DELETE com todos os campos preenchidos corretamente" time="0"/>
  <testcase name="Então o usuário deveria receber uma mensagem de &quot;não encontrado&quot;" classname="Cenário: Simples DELETE com todos os campos preenchidos corretamente" time="0"/>
  <testcase name="Cenário: Simples DELETE com todos os campos preenchidos corretamente" classname="Cenário: Simples DELETE com todos os campos preenchidos corretamente" time="0"/>
</testsuite>